<?xml version="1.0" encoding="UTF-8"?>
<!-- Generated by org.testng.reporters.JUnitXMLReporter -->
<testsuite ignored="0" hostname="akhatri" failures="1" tests="2" name="Test" time="394.064" errors="0" timestamp="2023-09-13T18:47:53 IST">
  <testcase classname="com.learnautomation.testcases.SignUpTest" name="SingUpApps" time="8.591"/>
  <testcase classname="com.learnautomation.testcases.SignUpTest" name="SingUpApps" time="331.476">
    <failure type="java.lang.NullPointerException" message="Cannot invoke &amp;quot;org.openqa.selenium.WebElement.click()&amp;quot; because the return value of &amp;quot;com.learnautomation.helper.Utility.waitForElement(org.openqa.selenium.WebDriver, org.openqa.selenium.By)&amp;quot; is null">
      <![CDATA[java.lang.NullPointerException: Cannot invoke "org.openqa.selenium.WebElement.click()" because the return value of "com.learnautomation.helper.Utility.waitForElement(org.openqa.selenium.WebDriver, org.openqa.selenium.By)" is null
at com.learnautomation.pages.SignPage.signUpApplication(SignPage.java:32)
at com.learnautomation.testcases.SignUpTest.SingUpApps(SignUpTest.java:18)
at java.base/java.util.ArrayList.forEach(ArrayList.java:1511)
... Removed 27 stack frames]]>
    </failure>
  </testcase> <!-- SingUpApps -->
</testsuite> <!-- Test -->
